<?xml version="1.0" encoding="UTF-8"?>
<testsuite name="testGoogle" tests="1" skipped="0" failures="0" errors="0" timestamp="2017-04-22T04:15:34" hostname="IN-CH-Vijayaragavans.local" time="6.288">
  <properties/>
  <testcase name="test" classname="testGoogle" time="6.288"/>
  <system-out><![CDATA[]]></system-out>
  <system-err><![CDATA[Apr 22, 2017 9:45:37 AM org.openqa.selenium.remote.ProtocolHandshake createSession
INFO: Detected dialect: OSS
]]></system-err>
</testsuite>
