<?xml version="1.0" encoding="UTF-8"?>
<testsuite name="testGoogle" tests="1" skipped="0" failures="0" errors="0" timestamp="2017-04-18T02:06:45" hostname="IN-CH-Vijayaragavans.local" time="6.02">
  <properties/>
  <testcase name="test" classname="testGoogle" time="6.02"/>
  <system-out><![CDATA[]]></system-out>
  <system-err><![CDATA[]]></system-err>
</testsuite>
