<?xml version="1.0" encoding="UTF-8"?>
<testsuite name="testGoogle" tests="1" skipped="0" failures="0" errors="0" timestamp="2017-04-21T06:35:50" hostname="IN-CH-Vijayaragavans.local" time="15.815">
  <properties/>
  <testcase name="test" classname="testGoogle" time="15.815"/>
  <system-out><![CDATA[]]></system-out>
  <system-err><![CDATA[Apr 21, 2017 12:05:53 PM org.openqa.selenium.remote.ProtocolHandshake createSession
INFO: Detected dialect: OSS
]]></system-err>
</testsuite>
